<?xml version="1.0" encoding="UTF-8" ?>
<testsuite tests="6" failures="0" name="CucumberTest" time="0.113" errors="2" skipped="4">
  <properties>
[...]
</properties>
  <testcase classname="Scenario: Successfull check-in" name="Given rejsekort with balance of 100" time="0.007">
    <error message="/ by zero" type="java.lang.ArithmeticException">java.lang.ArithmeticException: / by zero
	at StepDefinition.rejsekortWithBalanceOf(StepDefinition.java:18)
	at ✽.Given rejsekort with balance of 100(Checkin.feature:25)
</error>
  </testcase>
  <testcase classname="Scenario: Successfull check-in" name="Scenario: Successfull check-in" time="0.014">
    <error message="/ by zero" type="java.lang.ArithmeticException">java.lang.ArithmeticException: / by zero
	at StepDefinition.rejsekortWithBalanceOf(StepDefinition.java:18)
	at ✽.Given rejsekort with balance of 100(Checkin.feature:25)
</error>
  </testcase>
  <testcase classname="Scenario: Successfull check-in" name="And Check-in status is false" time="0.017">
    <skipped/>
  </testcase>
  <testcase classname="Scenario: Successfull check-in" name="And a check-in automaton at &quot;n�rreport St&quot;" time="0.025">
    <skipped/>
  </testcase>
  <testcase classname="Scenario: Successfull check-in" name="When check-in" time="0.025">
    <skipped/>
  </testcase>
  <testcase classname="Scenario: Successfull check-in" name="Then automaton displays that the card is checked in" time="0.025">
    <skipped/>
  </testcase>
</testsuite>